#
# A fatal error has been detected by the Java Runtime Environment:
#
#  Internal Error (javaClasses.cpp:136), pid=9104, tid=5992
#  fatal error: Invalid layout of preloaded class
#
# JRE version:  (7.0_45-b18) (build )
# Java VM: Java HotSpot(TM) Client VM (24.45-b08 mixed mode windows-x86 )
# Failed to write core dump. Minidumps are not enabled by default on client versions of Windows
#
# If you would like to submit a bug report, please visit:
#   http://bugreport.sun.com/bugreport/crash.jsp
#

---------------  T H R E A D  ---------------

Current thread (0x00a0c000):  JavaThread "Unknown thread" [_thread_in_vm, id=5992, stack(0x00190000,0x001e0000)]

Stack: [0x00190000,0x001e0000],  sp=0x001df2fc,  free space=316k
Native frames: (J=compiled Java code, j=interpreted, Vv=VM code, C=native code)
V  [jvm.dll+0x18df51]
V  [jvm.dll+0x187cc6]
V  [jvm.dll+0x3586a]
V  [jvm.dll+0x358f6]
V  [jvm.dll+0x4400d]
V  [jvm.dll+0x442be]
V  [jvm.dll+0x9263a]
V  [jvm.dll+0x929eb]
V  [jvm.dll+0x13daf1]
V  [jvm.dll+0x1605fc]
V  [jvm.dll+0xc8ebf]
C  [javaw.exe+0x13ce]
C  [javaw.exe+0x1e40]
C  [javaw.exe+0xa5b1]
C  [javaw.exe+0xa63b]
C  [kernel32.dll+0x1336a]
C  [ntdll.dll+0x39f72]
C  [ntdll.dll+0x39f45]


---------------  P R O C E S S  ---------------

Java Threads: ( => current thread )

Other Threads:

=>0x00a0c000 (exited) JavaThread "Unknown thread" [_thread_in_vm, id=5992, stack(0x00190000,0x001e0000)]

VM state:not at safepoint (not fully initialized)

VM Mutex/Monitor currently owned by a thread: None

GC Heap History (0 events):
No events

Deoptimization events (0 events):
No events

Internal exceptions (0 events):
No events

Events (10 events):
Event: 0.097 loading class 0x0090c338 done
Event: 0.098 loading class 0x0090bdc8 done
Event: 0.098 loading class 0x0090bda8
Event: 0.098 loading class 0x00912f40
Event: 0.098 loading class 0x00912f40 done
Event: 0.098 loading class 0x00912f70
Event: 0.098 loading class 0x00912f70 done
Event: 0.098 loading class 0x00912fa0
Event: 0.098 loading class 0x00912fa0 done
Event: 0.098 loading class 0x0090bda8 done


Dynamic libraries:
0x00c30000 - 0x00c5f000 	D:\jdk1.7.0_45\bin\javaw.exe
0x779f0000 - 0x77b70000 	C:\Windows\SysWOW64\ntdll.dll
0x76d20000 - 0x76e30000 	C:\Windows\syswow64\kernel32.dll
0x76e40000 - 0x76e87000 	C:\Windows\syswow64\KERNELBASE.dll
0x767a0000 - 0x76840000 	C:\Windows\syswow64\ADVAPI32.dll
0x768a0000 - 0x7694c000 	C:\Windows\syswow64\msvcrt.dll
0x75510000 - 0x75529000 	C:\Windows\SysWOW64\sechost.dll
0x76960000 - 0x76a50000 	C:\Windows\syswow64\RPCRT4.dll
0x75440000 - 0x754a0000 	C:\Windows\syswow64\SspiCli.dll
0x75430000 - 0x7543c000 	C:\Windows\syswow64\CRYPTBASE.dll
0x77050000 - 0x77150000 	C:\Windows\syswow64\USER32.dll
0x77300000 - 0x77390000 	C:\Windows\syswow64\GDI32.dll
0x774c0000 - 0x774ca000 	C:\Windows\syswow64\LPK.dll
0x75670000 - 0x7570d000 	C:\Windows\syswow64\USP10.dll
0x74d60000 - 0x74efe000 	C:\Windows\WinSxS\x86_microsoft.windows.common-controls_6595b64144ccf1df_6.0.7601.17514_none_41e6975e2bd6f2b2\COMCTL32.dll
0x754b0000 - 0x75507000 	C:\Windows\syswow64\SHLWAPI.dll
0x76c30000 - 0x76c90000 	C:\Windows\system32\IMM32.DLL
0x77390000 - 0x7745c000 	C:\Windows\syswow64\MSCTF.dll
0x5ba30000 - 0x5baef000 	D:\jdk1.7.0_45\jre\bin\msvcr100.dll
0x69100000 - 0x69480000 	D:\jdk1.7.0_45\jre\bin\client\jvm.dll
0x72f00000 - 0x72f07000 	C:\Windows\system32\WSOCK32.dll
0x77150000 - 0x77185000 	C:\Windows\syswow64\WS2_32.dll
0x76950000 - 0x76956000 	C:\Windows\syswow64\NSI.dll
0x72400000 - 0x72432000 	C:\Windows\system32\WINMM.dll
0x76d10000 - 0x76d15000 	C:\Windows\syswow64\PSAPI.DLL
0x72ef0000 - 0x72efc000 	D:\jdk1.7.0_45\jre\bin\verify.dll
0x690e0000 - 0x69100000 	D:\jdk1.7.0_45\jre\bin\java.dll
0x690c0000 - 0x690d3000 	D:\jdk1.7.0_45\jre\bin\zip.dll
0x75150000 - 0x7523b000 	C:\Windows\system32\dbghelp.dll

VM Arguments:
jvm_args: -Dfile.encoding=GBK -Xbootclasspath:D:\eclipse\Android\android-sdk-windows\platforms\android-8\android.jar 
java_command: com.lmh.android.service.PersonService
Launcher Type: SUN_STANDARD

Environment Variables:
JAVA_HOME=D:\jdk1.7.0_45
CLASSPATH=.;D:\jdk1.7.0_45\lib;D:\jdk1.7.0_45\lib\tools.jar;D:\jdk1.7.0_45\lib\rt.jar
PATH=D:/jdk1.7.0_45/bin/../jre/bin/client;D:/jdk1.7.0_45/bin/../jre/bin;D:/jdk1.7.0_45/bin/../jre/lib/i386;C:\Program Files\Common Files\Microsoft Shared\Windows Live;C:\Program Files (x86)\Common Files\Microsoft Shared\Windows Live;D:\Oracle\product\11.2.0\dbhome_1\bin;D:\jdk1.7.0_45\bin;C:\Program Files (x86)\AMD APP\bin\x86_64;C:\Program Files (x86)\AMD APP\bin\x86;C:\Windows\system32;C:\Windows;C:\Windows\System32\Wbem;C:\Windows\System32\WindowsPowerShell\v1.0\;C:\Program Files (x86)\ATI Technologies\ATI.ACE\Core-Static;C:\Program Files (x86)\Windows Live\Shared;D:\Program Files\Rational\common;C:\Program Files\TortoiseSVN\bin;C:\Program Files\SlikSvn\bin;C:\Program Files\MySQL\MySQL Server 5.5\bin;D:\MATLAB7\bin\win32;c:\Program Files (x86)\Microsoft SQL Server\100\Tools\Binn\;c:\Program Files\Microsoft SQL Server\100\Tools\Binn\;c:\Program Files\Microsoft SQL Server\100\DTS\Binn\;D:\Oracle\instantclient_11_2;C:\Program Files (x86)\IDM Computer Solutions\UltraCompare\;D:\eclipse;
USERNAME=Administrator
OS=Windows_NT
PROCESSOR_IDENTIFIER=AMD64 Family 16 Model 6 Stepping 3, AuthenticAMD



---------------  S Y S T E M  ---------------

OS: Windows 7 , 64 bit Build 7601 Service Pack 1

CPU:total 2 (2 cores per cpu, 1 threads per core) family 16 model 6 stepping 3, cmov, cx8, fxsr, mmx, sse, sse2, sse3, popcnt, mmxext, 3dnowpref, lzcnt, sse4a, tsc, tscinvbit, tscinv

Memory: 4k page, physical 6290744k(2515512k free), swap 6698484k(1749748k free)

vm_info: Java HotSpot(TM) Client VM (24.45-b08) for windows-x86 JRE (1.7.0_45-b18), built on Oct  8 2013 06:02:43 by "java_re" with unknown MS VC++:1600

time: Mon Dec 30 18:58:57 2013
elapsed time: 0 seconds

